<?xml version="1.0" encoding="UTF-8"?>
<coverage generated="1785344284">
  <project timestamp="1785344284" name="Clover Coverage">
    <package name="Milpa\Template">
      <file name="/home/rod/Web/projects/TeamX/BRAIN/TeamX/platform/getmilpa-template/src/LatteEngine.php">
        <class name="Milpa\Template\LatteEngine" namespace="Milpa\Template">
          <metrics complexity="4" methods="3" coveredmethods="3" conditionals="0" coveredconditionals="0" statements="8" coveredstatements="8" elements="11" coveredelements="11"/>
        </class>
        <line num="39" type="method" name="__construct" visibility="public" complexity="2" crap="2" count="3"/>
        <line num="41" type="stmt" count="3"/>
        <line num="42" type="stmt" count="3"/>
        <line num="43" type="stmt" count="3"/>
        <line num="44" type="stmt" count="3"/>
        <line num="45" type="stmt" count="3"/>
        <line num="56" type="method" name="setViewPath" visibility="public" complexity="1" crap="1" count="1"/>
        <line num="58" type="stmt" count="1"/>
        <line num="60" type="stmt" count="1"/>
        <line num="71" type="method" name="render" visibility="public" complexity="1" crap="1" count="3"/>
        <line num="73" type="stmt" count="3"/>
        <metrics loc="76" ncloc="37" classes="1" methods="3" coveredmethods="3" conditionals="0" coveredconditionals="0" statements="8" coveredstatements="8" elements="11" coveredelements="11"/>
      </file>
      <file name="/home/rod/Web/projects/TeamX/BRAIN/TeamX/platform/getmilpa-template/src/MultiDirFileLoader.php">
        <class name="Milpa\Template\MultiDirFileLoader" namespace="Milpa\Template">
          <metrics complexity="11" methods="2" coveredmethods="1" conditionals="0" coveredconditionals="0" statements="21" coveredstatements="8" elements="23" coveredelements="9"/>
        </class>
        <line num="36" type="method" name="__construct" visibility="public" complexity="2" crap="2" count="1"/>
        <line num="38" type="stmt" count="1"/>
        <line num="39" type="stmt" count="1"/>
        <line num="40" type="stmt" count="1"/>
        <line num="50" type="method" name="getContent" visibility="public" complexity="9" crap="39.51" count="1"/>
        <line num="52" type="stmt" count="1"/>
        <line num="54" type="stmt" count="1"/>
        <line num="55" type="stmt" count="0"/>
        <line num="56" type="stmt" count="0"/>
        <line num="57" type="stmt" count="0"/>
        <line num="58" type="stmt" count="0"/>
        <line num="59" type="stmt" count="0"/>
        <line num="62" type="stmt" count="0"/>
        <line num="63" type="stmt" count="0"/>
        <line num="67" type="stmt" count="1"/>
        <line num="68" type="stmt" count="0"/>
        <line num="71" type="stmt" count="1"/>
        <line num="72" type="stmt" count="0"/>
        <line num="73" type="stmt" count="0"/>
        <line num="74" type="stmt" count="0"/>
        <line num="75" type="stmt" count="0"/>
        <line num="76" type="stmt" count="0"/>
        <line num="80" type="stmt" count="1"/>
        <metrics loc="83" ncloc="56" classes="1" methods="2" coveredmethods="1" conditionals="0" coveredconditionals="0" statements="21" coveredstatements="8" elements="23" coveredelements="9"/>
      </file>
      <file name="/home/rod/Web/projects/TeamX/BRAIN/TeamX/platform/getmilpa-template/src/Template.php">
        <class name="Milpa\Template\Template" namespace="Milpa\Template">
          <metrics complexity="3" methods="3" coveredmethods="2" conditionals="0" coveredconditionals="0" statements="3" coveredstatements="2" elements="6" coveredelements="4"/>
        </class>
        <line num="23" type="method" name="__construct" visibility="public" complexity="1" crap="1" count="1"/>
        <line num="25" type="stmt" count="1"/>
        <line num="28" type="method" name="setViewPath" visibility="public" complexity="1" crap="2" count="0"/>
        <line num="30" type="stmt" count="0"/>
        <line num="38" type="method" name="render" visibility="public" complexity="1" crap="1" count="1"/>
        <line num="40" type="stmt" count="1"/>
        <metrics loc="43" ncloc="24" classes="1" methods="3" coveredmethods="2" conditionals="0" coveredconditionals="0" statements="3" coveredstatements="2" elements="6" coveredelements="4"/>
      </file>
    </package>
    <file name="/home/rod/Web/projects/TeamX/BRAIN/TeamX/platform/getmilpa-template/src/TemplateEngineInterface.php">
      <metrics loc="32" ncloc="14" classes="0" methods="0" coveredmethods="0" conditionals="0" coveredconditionals="0" statements="0" coveredstatements="0" elements="0" coveredelements="0"/>
    </file>
    <metrics files="4" loc="234" ncloc="131" classes="3" methods="8" coveredmethods="6" conditionals="0" coveredconditionals="0" statements="32" coveredstatements="18" elements="40" coveredelements="24"/>
  </project>
</coverage>
